-------------------------------------------------------------------------------
Test set: parallel one functionality
-------------------------------------------------------------------------------
Tests run: 2, Failures: 0, Errors: 2, Skipped: 0, Time elapsed: 601.469 s <<< FAILURE! - in parallel one functionality
Verify all the products exist in the products pages(parallel one functionality)  Time elapsed: 601.468 s  <<< ERROR!
org.openqa.selenium.SessionNotCreatedException: 
Could not start a new session. New session request timed out
Build info: version: '4.1.2', revision: '9a5a329c5a'
System info: host: 'Zafer-MacBook-Pro.local', ip: 'fe80:0:0:0:c28:dec7:9dc4:acc3%en0', os.name: 'Mac OS X', os.arch: 'x86_64', os.version: '12.0.1', java.version: '17.0.1'
Driver info: driver.version: unknown
Build info: version: '3.141.59', revision: 'e82be7d358', time: '2018-11-14T08:17:03'
System info: host: 'Zafer-MacBook-Pro.local', ip: 'fe80:0:0:0:c28:dec7:9dc4:acc3%en0', os.name: 'Mac OS X', os.arch: 'x86_64', os.version: '12.0.1', java.version: '17.0.1'
Driver info: driver.version: Driver
remote stacktrace: [{fileName=LocalNewSessionQueue.java, moduleVersion=null, nativeMethod=false, moduleName=null, methodName=addToQueue, className=org.openqa.selenium.grid.sessionqueue.local.LocalNewSessionQueue, lineNumber=200, classLoaderName=app}, {fileName=NewSessionQueue.java, moduleVersion=null, nativeMethod=false, moduleName=null, methodName=lambda$new$0, className=org.openqa.selenium.grid.sessionqueue.NewSessionQueue, lineNumber=68, classLoaderName=app}, {fileName=Route.java, moduleVersion=null, nativeMethod=false, moduleName=null, methodName=handle, className=org.openqa.selenium.remote.http.Route$TemplatizedRoute, lineNumber=192, classLoaderName=app}, {fileName=Route.java, moduleVersion=null, nativeMethod=false, moduleName=null, methodName=execute, className=org.openqa.selenium.remote.http.Route, lineNumber=68, classLoaderName=app}, {fileName=Route.java, moduleVersion=null, nativeMethod=false, moduleName=null, methodName=handle, className=org.openqa.selenium.remote.http.Route$CombinedRoute, lineNumber=336, classLoaderName=app}, {fileName=Route.java, moduleVersion=null, nativeMethod=false, moduleName=null, methodName=execute, className=org.openqa.selenium.remote.http.Route, lineNumber=68, classLoaderName=app}, {fileName=NewSessionQueue.java, moduleVersion=null, nativeMethod=false, moduleName=null, methodName=execute, className=org.openqa.selenium.grid.sessionqueue.NewSessionQueue, lineNumber=120, classLoaderName=app}, {fileName=SpanWrappedHttpHandler.java, moduleVersion=null, nativeMethod=false, moduleName=null, methodName=execute, className=org.openqa.selenium.remote.tracing.SpanWrappedHttpHandler, lineNumber=86, classLoaderName=app}, {fileName=Filter.java, moduleVersion=null, nativeMethod=false, moduleName=null, methodName=execute, className=org.openqa.selenium.remote.http.Filter$1, lineNumber=64, classLoaderName=app}, {fileName=Route.java, moduleVersion=null, nativeMethod=false, moduleName=null, methodName=handle, className=org.openqa.selenium.remote.http.Route$CombinedRoute, lineNumber=336, classLoaderName=app}, {fileName=Route.java, moduleVersion=null, nativeMethod=false, moduleName=null, methodName=execute, className=org.openqa.selenium.remote.http.Route, lineNumber=68, classLoaderName=app}, {fileName=Router.java, moduleVersion=null, nativeMethod=false, moduleName=null, methodName=execute, className=org.openqa.selenium.grid.router.Router, lineNumber=91, classLoaderName=app}, {fileName=CheckOriginHeader.java, moduleVersion=null, nativeMethod=false, moduleName=null, methodName=lambda$apply$0, className=org.openqa.selenium.grid.web.CheckOriginHeader, lineNumber=66, classLoaderName=app}, {fileName=CheckContentTypeHeader.java, moduleVersion=null, nativeMethod=false, moduleName=null, methodName=lambda$apply$0, className=org.openqa.selenium.grid.web.CheckContentTypeHeader, lineNumber=70, classLoaderName=app}, {fileName=EnsureSpecCompliantResponseHeaders.java, moduleVersion=null, nativeMethod=false, moduleName=null, methodName=lambda$apply$0, className=org.openqa.selenium.grid.web.EnsureSpecCompliantResponseHeaders, lineNumber=34, classLoaderName=app}, {fileName=Filter.java, moduleVersion=null, nativeMethod=false, moduleName=null, methodName=execute, className=org.openqa.selenium.remote.http.Filter$1, lineNumber=64, classLoaderName=app}, {fileName=Route.java, moduleVersion=null, nativeMethod=false, moduleName=null, methodName=handle, className=org.openqa.selenium.remote.http.Route$CombinedRoute, lineNumber=336, classLoaderName=app}, {fileName=Route.java, moduleVersion=null, nativeMethod=false, moduleName=null, methodName=execute, className=org.openqa.selenium.remote.http.Route, lineNumber=68, classLoaderName=app}, {fileName=Route.java, moduleVersion=null, nativeMethod=false, moduleName=null, methodName=handle, className=org.openqa.selenium.remote.http.Route$NestedRoute, lineNumber=270, classLoaderName=app}, {fileName=Route.java, moduleVersion=null, nativeMethod=false, moduleName=null, methodName=execute, className=org.openqa.selenium.remote.http.Route, lineNumber=68, classLoaderName=app}, {fileName=Route.java, moduleVersion=null, nativeMethod=false, moduleName=null, methodName=handle, className=org.openqa.selenium.remote.http.Route$CombinedRoute, lineNumber=336, classLoaderName=app}, {fileName=Route.java, moduleVersion=null, nativeMethod=false, moduleName=null, methodName=execute, className=org.openqa.selenium.remote.http.Route, lineNumber=68, classLoaderName=app}, {fileName=Route.java, moduleVersion=null, nativeMethod=false, moduleName=null, methodName=handle, className=org.openqa.selenium.remote.http.Route$CombinedRoute, lineNumber=336, classLoaderName=app}, {fileName=Route.java, moduleVersion=null, nativeMethod=false, moduleName=null, methodName=execute, className=org.openqa.selenium.remote.http.Route, lineNumber=68, classLoaderName=app}, {fileName=AddWebDriverSpecHeaders.java, moduleVersion=null, nativeMethod=false, moduleName=null, methodName=lambda$apply$0, className=org.openqa.selenium.remote.AddWebDriverSpecHeaders, lineNumber=35, classLoaderName=app}, {fileName=ErrorFilter.java, moduleVersion=null, nativeMethod=false, moduleName=null, methodName=lambda$apply$0, className=org.openqa.selenium.remote.ErrorFilter, lineNumber=44, classLoaderName=app}, {fileName=Filter.java, moduleVersion=null, nativeMethod=false, moduleName=null, methodName=execute, className=org.openqa.selenium.remote.http.Filter$1, lineNumber=64, classLoaderName=app}, {fileName=ErrorFilter.java, moduleVersion=null, nativeMethod=false, moduleName=null, methodName=lambda$apply$0, className=org.openqa.selenium.remote.ErrorFilter, lineNumber=44, classLoaderName=app}, {fileName=Filter.java, moduleVersion=null, nativeMethod=false, moduleName=null, methodName=execute, className=org.openqa.selenium.remote.http.Filter$1, lineNumber=64, classLoaderName=app}, {fileName=SeleniumHandler.java, moduleVersion=null, nativeMethod=false, moduleName=null, methodName=lambda$channelRead0$0, className=org.openqa.selenium.netty.server.SeleniumHandler, lineNumber=44, classLoaderName=app}, {fileName=Executors.java, moduleVersion=17.0.1, nativeMethod=false, moduleName=java.base, methodName=call, className=java.util.concurrent.Executors$RunnableAdapter, lineNumber=539, classLoaderName=null}, {fileName=FutureTask.java, moduleVersion=17.0.1, nativeMethod=false, moduleName=java.base, methodName=run, className=java.util.concurrent.FutureTask, lineNumber=264, classLoaderName=null}, {fileName=ThreadPoolExecutor.java, moduleVersion=17.0.1, nativeMethod=false, moduleName=java.base, methodName=runWorker, className=java.util.concurrent.ThreadPoolExecutor, lineNumber=1136, classLoaderName=null}, {fileName=ThreadPoolExecutor.java, moduleVersion=17.0.1, nativeMethod=false, moduleName=java.base, methodName=run, className=java.util.concurrent.ThreadPoolExecutor$Worker, lineNumber=635, classLoaderName=null}, {fileName=Thread.java, moduleVersion=17.0.1, nativeMethod=false, moduleName=java.base, methodName=run, className=java.lang.Thread, lineNumber=833, classLoaderName=null}]

Verify all the products exist in the products pages(parallel one functionality)  Time elapsed: 0 s  <<< ERROR!
org.openqa.selenium.SessionNotCreatedException: 
Could not start a new session. New session request timed out
Build info: version: '4.1.2', revision: '9a5a329c5a'
System info: host: 'Zafer-MacBook-Pro.local', ip: 'fe80:0:0:0:c28:dec7:9dc4:acc3%en0', os.name: 'Mac OS X', os.arch: 'x86_64', os.version: '12.0.1', java.version: '17.0.1'
Driver info: driver.version: unknown
Build info: version: '3.141.59', revision: 'e82be7d358', time: '2018-11-14T08:17:03'
System info: host: 'Zafer-MacBook-Pro.local', ip: 'fe80:0:0:0:c28:dec7:9dc4:acc3%en0', os.name: 'Mac OS X', os.arch: 'x86_64', os.version: '12.0.1', java.version: '17.0.1'
Driver info: driver.version: Driver
remote stacktrace: [{fileName=LocalNewSessionQueue.java, moduleVersion=null, nativeMethod=false, moduleName=null, methodName=addToQueue, className=org.openqa.selenium.grid.sessionqueue.local.LocalNewSessionQueue, lineNumber=200, classLoaderName=app}, {fileName=NewSessionQueue.java, moduleVersion=null, nativeMethod=false, moduleName=null, methodName=lambda$new$0, className=org.openqa.selenium.grid.sessionqueue.NewSessionQueue, lineNumber=68, classLoaderName=app}, {fileName=Route.java, moduleVersion=null, nativeMethod=false, moduleName=null, methodName=handle, className=org.openqa.selenium.remote.http.Route$TemplatizedRoute, lineNumber=192, classLoaderName=app}, {fileName=Route.java, moduleVersion=null, nativeMethod=false, moduleName=null, methodName=execute, className=org.openqa.selenium.remote.http.Route, lineNumber=68, classLoaderName=app}, {fileName=Route.java, moduleVersion=null, nativeMethod=false, moduleName=null, methodName=handle, className=org.openqa.selenium.remote.http.Route$CombinedRoute, lineNumber=336, classLoaderName=app}, {fileName=Route.java, moduleVersion=null, nativeMethod=false, moduleName=null, methodName=execute, className=org.openqa.selenium.remote.http.Route, lineNumber=68, classLoaderName=app}, {fileName=NewSessionQueue.java, moduleVersion=null, nativeMethod=false, moduleName=null, methodName=execute, className=org.openqa.selenium.grid.sessionqueue.NewSessionQueue, lineNumber=120, classLoaderName=app}, {fileName=SpanWrappedHttpHandler.java, moduleVersion=null, nativeMethod=false, moduleName=null, methodName=execute, className=org.openqa.selenium.remote.tracing.SpanWrappedHttpHandler, lineNumber=86, classLoaderName=app}, {fileName=Filter.java, moduleVersion=null, nativeMethod=false, moduleName=null, methodName=execute, className=org.openqa.selenium.remote.http.Filter$1, lineNumber=64, classLoaderName=app}, {fileName=Route.java, moduleVersion=null, nativeMethod=false, moduleName=null, methodName=handle, className=org.openqa.selenium.remote.http.Route$CombinedRoute, lineNumber=336, classLoaderName=app}, {fileName=Route.java, moduleVersion=null, nativeMethod=false, moduleName=null, methodName=execute, className=org.openqa.selenium.remote.http.Route, lineNumber=68, classLoaderName=app}, {fileName=Router.java, moduleVersion=null, nativeMethod=false, moduleName=null, methodName=execute, className=org.openqa.selenium.grid.router.Router, lineNumber=91, classLoaderName=app}, {fileName=CheckOriginHeader.java, moduleVersion=null, nativeMethod=false, moduleName=null, methodName=lambda$apply$0, className=org.openqa.selenium.grid.web.CheckOriginHeader, lineNumber=66, classLoaderName=app}, {fileName=CheckContentTypeHeader.java, moduleVersion=null, nativeMethod=false, moduleName=null, methodName=lambda$apply$0, className=org.openqa.selenium.grid.web.CheckContentTypeHeader, lineNumber=70, classLoaderName=app}, {fileName=EnsureSpecCompliantResponseHeaders.java, moduleVersion=null, nativeMethod=false, moduleName=null, methodName=lambda$apply$0, className=org.openqa.selenium.grid.web.EnsureSpecCompliantResponseHeaders, lineNumber=34, classLoaderName=app}, {fileName=Filter.java, moduleVersion=null, nativeMethod=false, moduleName=null, methodName=execute, className=org.openqa.selenium.remote.http.Filter$1, lineNumber=64, classLoaderName=app}, {fileName=Route.java, moduleVersion=null, nativeMethod=false, moduleName=null, methodName=handle, className=org.openqa.selenium.remote.http.Route$CombinedRoute, lineNumber=336, classLoaderName=app}, {fileName=Route.java, moduleVersion=null, nativeMethod=false, moduleName=null, methodName=execute, className=org.openqa.selenium.remote.http.Route, lineNumber=68, classLoaderName=app}, {fileName=Route.java, moduleVersion=null, nativeMethod=false, moduleName=null, methodName=handle, className=org.openqa.selenium.remote.http.Route$NestedRoute, lineNumber=270, classLoaderName=app}, {fileName=Route.java, moduleVersion=null, nativeMethod=false, moduleName=null, methodName=execute, className=org.openqa.selenium.remote.http.Route, lineNumber=68, classLoaderName=app}, {fileName=Route.java, moduleVersion=null, nativeMethod=false, moduleName=null, methodName=handle, className=org.openqa.selenium.remote.http.Route$CombinedRoute, lineNumber=336, classLoaderName=app}, {fileName=Route.java, moduleVersion=null, nativeMethod=false, moduleName=null, methodName=execute, className=org.openqa.selenium.remote.http.Route, lineNumber=68, classLoaderName=app}, {fileName=Route.java, moduleVersion=null, nativeMethod=false, moduleName=null, methodName=handle, className=org.openqa.selenium.remote.http.Route$CombinedRoute, lineNumber=336, classLoaderName=app}, {fileName=Route.java, moduleVersion=null, nativeMethod=false, moduleName=null, methodName=execute, className=org.openqa.selenium.remote.http.Route, lineNumber=68, classLoaderName=app}, {fileName=AddWebDriverSpecHeaders.java, moduleVersion=null, nativeMethod=false, moduleName=null, methodName=lambda$apply$0, className=org.openqa.selenium.remote.AddWebDriverSpecHeaders, lineNumber=35, classLoaderName=app}, {fileName=ErrorFilter.java, moduleVersion=null, nativeMethod=false, moduleName=null, methodName=lambda$apply$0, className=org.openqa.selenium.remote.ErrorFilter, lineNumber=44, classLoaderName=app}, {fileName=Filter.java, moduleVersion=null, nativeMethod=false, moduleName=null, methodName=execute, className=org.openqa.selenium.remote.http.Filter$1, lineNumber=64, classLoaderName=app}, {fileName=ErrorFilter.java, moduleVersion=null, nativeMethod=false, moduleName=null, methodName=lambda$apply$0, className=org.openqa.selenium.remote.ErrorFilter, lineNumber=44, classLoaderName=app}, {fileName=Filter.java, moduleVersion=null, nativeMethod=false, moduleName=null, methodName=execute, className=org.openqa.selenium.remote.http.Filter$1, lineNumber=64, classLoaderName=app}, {fileName=SeleniumHandler.java, moduleVersion=null, nativeMethod=false, moduleName=null, methodName=lambda$channelRead0$0, className=org.openqa.selenium.netty.server.SeleniumHandler, lineNumber=44, classLoaderName=app}, {fileName=Executors.java, moduleVersion=17.0.1, nativeMethod=false, moduleName=java.base, methodName=call, className=java.util.concurrent.Executors$RunnableAdapter, lineNumber=539, classLoaderName=null}, {fileName=FutureTask.java, moduleVersion=17.0.1, nativeMethod=false, moduleName=java.base, methodName=run, className=java.util.concurrent.FutureTask, lineNumber=264, classLoaderName=null}, {fileName=ThreadPoolExecutor.java, moduleVersion=17.0.1, nativeMethod=false, moduleName=java.base, methodName=runWorker, className=java.util.concurrent.ThreadPoolExecutor, lineNumber=1136, classLoaderName=null}, {fileName=ThreadPoolExecutor.java, moduleVersion=17.0.1, nativeMethod=false, moduleName=java.base, methodName=run, className=java.util.concurrent.ThreadPoolExecutor$Worker, lineNumber=635, classLoaderName=null}, {fileName=Thread.java, moduleVersion=17.0.1, nativeMethod=false, moduleName=java.base, methodName=run, className=java.lang.Thread, lineNumber=833, classLoaderName=null}]

